============================= test session starts =============================
platform win32 -- Python 3.14.2, pytest-9.0.2, pluggy-1.6.0 -- C:\Projects\gpp_plataform2.0\.venv\Scripts\python.exe
cachedir: .pytest_cache
django: version: 5.2, settings: config.settings.development (from ini)
rootdir: C:\Projects\gpp_plataform2.0
configfile: pytest.ini
plugins: cov-6.1.0, django-4.12.0
collecting ... collected 347 items

apps/accounts/tests/policies/test_application_policy.py::TestCanViewApplication::test_portal_admin_can_view_blocked_app PASSED [  0%]
apps/accounts/tests/policies/test_application_policy.py::TestCanViewApplication::test_portal_admin_can_view_not_ready_app PASSED [  0%]
apps/accounts/tests/policies/test_application_policy.py::TestCanViewApplication::test_superuser_can_view_blocked_app PASSED [  0%]
apps/accounts/tests/policies/test_application_policy.py::TestCanViewApplication::test_regular_user_with_role_can_view_ready_app PASSED [  1%]
apps/accounts/tests/policies/test_application_policy.py::TestCanViewApplication::test_regular_user_cannot_view_blocked_app PASSED [  1%]
apps/accounts/tests/policies/test_application_policy.py::TestCanViewApplication::test_regular_user_cannot_view_not_ready_app PASSED [  1%]
apps/accounts/tests/policies/test_application_policy.py::TestCanViewApplication::test_regular_user_without_role_cannot_view_app PASSED [  2%]
apps/accounts/tests/policies/test_application_policy.py::TestCanManageApplication::test_portal_admin_can_manage PASSED [  2%]
apps/accounts/tests/policies/test_application_policy.py::TestCanManageApplication::test_superuser_can_manage PASSED [  2%]
apps/accounts/tests/policies/test_application_policy.py::TestCanManageApplication::test_regular_user_cannot_manage PASSED [  2%]
apps/accounts/tests/policies/test_application_policy.py::TestCanBlockApplication::test_portal_admin_can_block_regular_app PASSED [  3%]
apps/accounts/tests/policies/test_application_policy.py::TestCanBlockApplication::test_superuser_can_block_regular_app PASSED [  3%]
apps/accounts/tests/policies/test_application_policy.py::TestCanBlockApplication::test_cannot_block_portal_app PASSED [  3%]
apps/accounts/tests/policies/test_application_policy.py::TestCanBlockApplication::test_regular_user_cannot_block PASSED [  4%]
apps/accounts/tests/policies/test_application_policy.py::TestCanSetProductionReady::test_portal_admin_can_set_production_ready PASSED [  4%]
apps/accounts/tests/policies/test_application_policy.py::TestCanSetProductionReady::test_superuser_can_set_production_ready PASSED [  4%]
apps/accounts/tests/policies/test_application_policy.py::TestCanSetProductionReady::test_regular_user_cannot_set_production_ready PASSED [  4%]
apps/accounts/tests/policies/test_application_policy.py::TestCanAssignRole::test_portal_admin_can_assign_role_in_ready_app PASSED [  5%]
apps/accounts/tests/policies/test_application_policy.py::TestCanAssignRole::test_portal_admin_cannot_assign_role_in_blocked_app PASSED [  5%]
apps/accounts/tests/policies/test_application_policy.py::TestCanAssignRole::test_portal_admin_cannot_assign_role_in_not_ready_app PASSED [  5%]
apps/accounts/tests/policies/test_application_policy.py::TestCanAssignRole::test_regular_user_cannot_assign_role PASSED [  6%]
apps/accounts/tests/policies/test_application_policy.py::TestCanRemoveRole::test_portal_admin_can_remove_role_even_from_blocked_app PASSED [  6%]
apps/accounts/tests/policies/test_application_policy.py::TestCanRemoveRole::test_regular_user_cannot_remove_role PASSED [  6%]
apps/accounts/tests/policies/test_application_policy.py::TestInstanceCache::test_is_portal_admin_consulted_only_once PASSED [  6%]
apps/accounts/tests/policies/test_application_policy.py::TestInstanceCache::test_user_role_in_app_consulted_only_once PASSED [  7%]
apps/accounts/tests/policies/test_attribute_policy.py::TestCanViewAttribute::test_portal_admin_can_view_any_attribute PASSED [  7%]
apps/accounts/tests/policies/test_attribute_policy.py::TestCanViewAttribute::test_superuser_can_view_any_attribute PASSED [  7%]
apps/accounts/tests/policies/test_attribute_policy.py::TestCanViewAttribute::test_user_can_view_own_attribute PASSED [  8%]
apps/accounts/tests/policies/test_attribute_policy.py::TestCanViewAttribute::test_gestor_can_view_attribute_of_user_in_same_app PASSED [  8%]
apps/accounts/tests/policies/test_attribute_policy.py::TestCanViewAttribute::test_regular_user_cannot_view_other_attribute PASSED [  8%]
apps/accounts/tests/policies/test_attribute_policy.py::TestCanCreateAttribute::test_portal_admin_can_create_attribute_in_ready_app PASSED [  8%]
apps/accounts/tests/policies/test_attribute_policy.py::TestCanCreateAttribute::test_portal_admin_cannot_create_in_blocked_app PASSED [  9%]
apps/accounts/tests/policies/test_attribute_policy.py::TestCanCreateAttribute::test_portal_admin_cannot_create_in_not_ready_app PASSED [  9%]
apps/accounts/tests/policies/test_attribute_policy.py::TestCanCreateAttribute::test_portal_admin_can_create_attribute_without_app PASSED [  9%]
apps/accounts/tests/policies/test_attribute_policy.py::TestCanCreateAttribute::test_regular_user_cannot_create_attribute PASSED [ 10%]
apps/accounts/tests/policies/test_attribute_policy.py::TestCanEditAndDeleteAttribute::test_portal_admin_can_edit_attribute PASSED [ 10%]
apps/accounts/tests/policies/test_attribute_policy.py::TestCanEditAndDeleteAttribute::test_superuser_can_edit_attribute PASSED [ 10%]
apps/accounts/tests/policies/test_attribute_policy.py::TestCanEditAndDeleteAttribute::test_regular_user_cannot_edit_attribute PASSED [ 10%]
apps/accounts/tests/policies/test_attribute_policy.py::TestCanEditAndDeleteAttribute::test_portal_admin_can_delete_attribute PASSED [ 11%]
apps/accounts/tests/policies/test_attribute_policy.py::TestCanEditAndDeleteAttribute::test_regular_user_cannot_delete_attribute PASSED [ 11%]
apps/accounts/tests/policies/test_cross_policy_accounts.py::TestBlockedAppCoherence::test_blocked_app_denies_view_in_application_and_role_policies PASSED [ 11%]
apps/accounts/tests/policies/test_cross_policy_accounts.py::TestBlockedAppCoherence::test_blocked_app_denies_new_userrole_but_allows_deletion PASSED [ 12%]
apps/accounts/tests/policies/test_cross_policy_accounts.py::TestBlockedAppCoherence::test_blocked_app_denies_attribute_creation PASSED [ 12%]
apps/accounts/tests/policies/test_cross_policy_accounts.py::TestStagingAppCoherence::test_staging_app_denies_userrole_creation PASSED [ 12%]
apps/accounts/tests/policies/test_cross_policy_accounts.py::TestStagingAppCoherence::test_staging_app_still_allows_deletion_of_existing_userrole PASSED [ 12%]
apps/accounts/tests/policies/test_cross_policy_accounts.py::TestStagingAppCoherence::test_staging_app_visible_to_portal_admin_but_not_regular_user PASSED [ 13%]
apps/accounts/tests/policies/test_cross_policy_accounts.py::TestPortalAdminRootProtection::test_portal_admin_role_cannot_be_deleted_anywhere PASSED [ 13%]
apps/accounts/tests/policies/test_cross_policy_accounts.py::TestPortalAdminRootProtection::test_portal_admin_role_cannot_be_assigned_by_portal_admin PASSED [ 13%]
apps/accounts/tests/policies/test_cross_policy_accounts.py::TestPortalAdminRootProtection::test_superuser_can_assign_portal_admin_role PASSED [ 14%]
apps/accounts/tests/policies/test_cross_policy_accounts.py::TestPortalAdminRootProtection::test_nobody_can_revoke_own_role PASSED [ 14%]
apps/accounts/tests/policies/test_cross_policy_accounts.py::TestGestorScopeCoherence::test_gestor_can_view_profile_and_userroles_of_user_in_same_app PASSED [ 14%]
apps/accounts/tests/policies/test_cross_policy_accounts.py::TestGestorScopeCoherence::test_gestor_cannot_view_profile_or_userroles_of_isolated_user PASSED [ 14%]
apps/accounts/tests/policies/test_cross_policy_accounts.py::TestGestorScopeCoherence::test_gestor_cannot_change_classificacao_or_status_even_in_same_app PASSED [ 15%]
apps/accounts/tests/policies/test_cross_policy_accounts.py::TestGestorScopeCoherence::test_gestor_cannot_create_or_delete_userroles PASSED [ 15%]
apps/accounts/tests/policies/test_cross_policy_accounts.py::TestSessionIsolation::test_user_cannot_see_session_of_another_user PASSED [ 15%]
apps/accounts/tests/policies/test_cross_policy_accounts.py::TestSessionIsolation::test_portal_admin_can_revoke_session_of_any_user PASSED [ 16%]
apps/accounts/tests/policies/test_role_policy.py::TestCanViewRole::test_portal_admin_can_view_any_role PASSED [ 16%]
apps/accounts/tests/policies/test_role_policy.py::TestCanViewRole::test_superuser_can_view_any_role PASSED [ 16%]
apps/accounts/tests/policies/test_role_policy.py::TestCanViewRole::test_user_with_role_in_app_can_view_role_of_same_app PASSED [ 17%]
apps/accounts/tests/policies/test_role_policy.py::TestCanViewRole::test_user_without_role_cannot_view_role PASSED [ 17%]
apps/accounts/tests/policies/test_role_policy.py::TestCanViewRole::test_user_cannot_view_role_of_blocked_app PASSED [ 17%]
apps/accounts/tests/policies/test_role_policy.py::TestCanCreateRole::test_portal_admin_can_create_role PASSED [ 17%]
apps/accounts/tests/policies/test_role_policy.py::TestCanCreateRole::test_superuser_can_create_role PASSED [ 18%]
apps/accounts/tests/policies/test_role_policy.py::TestCanCreateRole::test_regular_user_cannot_create_role PASSED [ 18%]
apps/accounts/tests/policies/test_role_policy.py::TestCanEditRole::test_portal_admin_can_edit_regular_role PASSED [ 18%]
apps/accounts/tests/policies/test_role_policy.py::TestCanEditRole::test_superuser_can_edit_regular_role PASSED [ 19%]
apps/accounts/tests/policies/test_role_policy.py::TestCanEditRole::test_portal_admin_cannot_edit_portal_admin_role PASSED [ 19%]
apps/accounts/tests/policies/test_role_policy.py::TestCanEditRole::test_superuser_can_edit_portal_admin_role PASSED [ 19%]
apps/accounts/tests/policies/test_role_policy.py::TestCanEditRole::test_regular_user_cannot_edit_any_role PASSED [ 19%]
apps/accounts/tests/policies/test_role_policy.py::TestCanDeleteRole::test_portal_admin_can_delete_regular_role PASSED [ 20%]
apps/accounts/tests/policies/test_role_policy.py::TestCanDeleteRole::test_superuser_cannot_delete_portal_admin_role PASSED [ 20%]
apps/accounts/tests/policies/test_role_policy.py::TestCanDeleteRole::test_portal_admin_cannot_delete_portal_admin_role PASSED [ 20%]
apps/accounts/tests/policies/test_role_policy.py::TestCanDeleteRole::test_regular_user_cannot_delete_any_role PASSED [ 21%]
apps/accounts/tests/policies/test_role_policy.py::TestCanAssignRole::test_portal_admin_can_assign_regular_role_in_ready_app PASSED [ 21%]
apps/accounts/tests/policies/test_role_policy.py::TestCanAssignRole::test_portal_admin_cannot_assign_portal_admin_role PASSED [ 21%]
apps/accounts/tests/policies/test_role_policy.py::TestCanAssignRole::test_superuser_can_assign_portal_admin_role PASSED [ 21%]
apps/accounts/tests/policies/test_role_policy.py::TestCanAssignRole::test_portal_admin_cannot_assign_role_in_blocked_app PASSED [ 22%]
apps/accounts/tests/policies/test_role_policy.py::TestCanAssignRole::test_portal_admin_cannot_assign_role_in_not_ready_app PASSED [ 22%]
apps/accounts/tests/policies/test_role_policy.py::TestCanAssignRole::test_regular_user_cannot_assign_any_role PASSED [ 22%]
apps/accounts/tests/policies/test_role_policy.py::TestCanAssignRole::test_portal_admin_can_assign_global_role PASSED [ 23%]
apps/accounts/tests/policies/test_role_policy.py::TestCanRevokeRole::test_portal_admin_can_revoke_regular_role_from_other_user PASSED [ 23%]
apps/accounts/tests/policies/test_role_policy.py::TestCanRevokeRole::test_cannot_revoke_own_role_regular_user PASSED [ 23%]
apps/accounts/tests/policies/test_role_policy.py::TestCanRevokeRole::test_cannot_revoke_own_role_portal_admin PASSED [ 23%]
apps/accounts/tests/policies/test_role_policy.py::TestCanRevokeRole::test_portal_admin_cannot_revoke_portal_admin_role PASSED [ 24%]
apps/accounts/tests/policies/test_role_policy.py::TestCanRevokeRole::test_superuser_can_revoke_portal_admin_role_from_other_user PASSED [ 24%]
apps/accounts/tests/policies/test_role_policy.py::TestCanRevokeRole::test_portal_admin_can_revoke_role_even_from_blocked_app PASSED [ 24%]
apps/accounts/tests/policies/test_role_policy.py::TestCanRevokeRole::test_regular_user_cannot_revoke_any_role PASSED [ 25%]
apps/accounts/tests/policies/test_session_policy.py::TestCanViewSession::test_portal_admin_can_view_any_session PASSED [ 25%]
apps/accounts/tests/policies/test_session_policy.py::TestCanViewSession::test_superuser_can_view_any_session PASSED [ 25%]
apps/accounts/tests/policies/test_session_policy.py::TestCanViewSession::test_user_can_view_own_session PASSED [ 25%]
apps/accounts/tests/policies/test_session_policy.py::TestCanViewSession::test_user_cannot_view_other_session PASSED [ 26%]
apps/accounts/tests/policies/test_session_policy.py::TestCanRevokeSession::test_portal_admin_can_revoke_any_session PASSED [ 26%]
apps/accounts/tests/policies/test_session_policy.py::TestCanRevokeSession::test_user_can_revoke_own_session PASSED [ 26%]
apps/accounts/tests/policies/test_session_policy.py::TestCanRevokeSession::test_user_cannot_revoke_other_session PASSED [ 27%]
apps/accounts/tests/policies/test_session_policy.py::TestCanRevokeSession::test_cannot_revoke_already_revoked_session PASSED [ 27%]
apps/accounts/tests/policies/test_session_policy.py::TestCanRevokeSession::test_portal_admin_cannot_revoke_already_revoked_session PASSED [ 27%]
apps/accounts/tests/policies/test_session_policy.py::TestCanRevokeAllSessions::test_portal_admin_can_revoke_all_sessions_of_any_user PASSED [ 27%]
apps/accounts/tests/policies/test_session_policy.py::TestCanRevokeAllSessions::test_user_can_revoke_all_own_sessions PASSED [ 28%]
apps/accounts/tests/policies/test_session_policy.py::TestCanRevokeAllSessions::test_regular_user_cannot_revoke_all_sessions_of_other_user PASSED [ 28%]
apps/accounts/tests/policies/test_user_policy.py::TestCanCreateUser::test_can_create_user_portal_admin_returns_true PASSED [ 28%]
apps/accounts/tests/policies/test_user_policy.py::TestCanCreateUser::test_can_create_user_no_classificacao_returns_false PASSED [ 29%]
apps/accounts/tests/policies/test_user_policy.py::TestCanCreateUser::test_can_create_user_classificacao_pode_criar_true_returns_true PASSED [ 29%]
apps/accounts/tests/policies/test_user_policy.py::TestCanCreateUser::test_can_create_user_classificacao_pode_criar_false_returns_false PASSED [ 29%]
apps/accounts/tests/policies/test_user_policy.py::TestCanEditUser::test_can_edit_user_portal_admin_returns_true PASSED [ 29%]
apps/accounts/tests/policies/test_user_policy.py::TestCanEditUser::test_can_edit_user_no_classificacao_returns_false PASSED [ 30%]
apps/accounts/tests/policies/test_user_policy.py::TestCanEditUser::test_can_edit_user_classificacao_pode_editar_true_returns_true PASSED [ 30%]
apps/accounts/tests/policies/test_user_policy.py::TestCanEditUser::test_can_edit_user_classificacao_pode_editar_false_returns_false PASSED [ 30%]
apps/accounts/tests/policies/test_user_policy.py::TestCanCreateUserInApplication::test_portal_admin_returns_true_without_checking_userrole PASSED [ 31%]
apps/accounts/tests/policies/test_user_policy.py::TestCanCreateUserInApplication::test_no_create_permission_returns_false_immediately PASSED [ 31%]
apps/accounts/tests/policies/test_user_policy.py::TestCanCreateUserInApplication::test_has_role_in_app_returns_true PASSED [ 31%]
apps/accounts/tests/policies/test_user_policy.py::TestCanCreateUserInApplication::test_no_role_in_app_returns_false PASSED [ 31%]
apps/accounts/tests/policies/test_user_policy.py::TestCanCreateUserInApplication::test_aplicacao_sem_codigointerno_usa_str_no_log PASSED [ 32%]
apps/accounts/tests/policies/test_user_policy.py::TestCanEditTargetUser::test_portal_admin_returns_true PASSED [ 32%]
apps/accounts/tests/policies/test_user_policy.py::TestCanEditTargetUser::test_no_edit_permission_returns_false_immediately PASSED [ 32%]
apps/accounts/tests/policies/test_user_policy.py::TestCanEditTargetUser::test_with_intersection_returns_true PASSED [ 33%]
apps/accounts/tests/policies/test_user_policy.py::TestCanEditTargetUser::test_without_intersection_returns_false PASSED [ 33%]
apps/accounts/tests/policies/test_user_policy.py::TestCanManageTargetUser::test_portal_admin_returns_true PASSED [ 33%]
apps/accounts/tests/policies/test_user_policy.py::TestCanManageTargetUser::test_no_edit_permission_returns_false_immediately PASSED [ 34%]
apps/accounts/tests/policies/test_user_policy.py::TestCanManageTargetUser::test_with_intersection_returns_true PASSED [ 34%]
apps/accounts/tests/policies/test_user_policy.py::TestCanManageTargetUser::test_without_intersection_returns_false PASSED [ 34%]
apps/accounts/tests/policies/test_user_policy.py::TestHelpers::test_is_portal_admin_cache_hit_filter_called_once PASSED [ 34%]
apps/accounts/tests/policies/test_user_policy.py::TestHelpers::test_get_classificacao_returns_profile_classificacao PASSED [ 35%]
apps/accounts/tests/policies/test_user_policy.py::TestHelpers::test_get_classificacao_returns_none_on_attribute_error PASSED [ 35%]
apps/accounts/tests/policies/test_user_policy.py::TestHelpers::test_get_user_applications_cache_hit_no_second_db_call PASSED [ 35%]
apps/accounts/tests/policies/test_user_policy.py::TestHelpers::test_get_user_applications_returns_set_of_ids PASSED [ 36%]
apps/accounts/tests/policies/test_user_policy.py::TestHelpers::test_has_application_intersection_shared_app_returns_true PASSED [ 36%]
apps/accounts/tests/policies/test_user_policy.py::TestHelpers::test_has_application_intersection_no_shared_app_returns_false PASSED [ 36%]
apps/accounts/tests/policies/test_user_policy.py::TestHelpers::test_has_application_intersection_empty_actor_apps_returns_false PASSED [ 36%]
apps/accounts/tests/policies/test_user_policy.py::TestCanCreateUserPortalAdminDB::test_portal_admin_db_can_create_user PASSED [ 37%]
apps/accounts/tests/policies/test_user_policy.py::TestCanCreateUserPortalAdminDB::test_regular_user_without_classificacao_db_cannot_create PASSED [ 37%]
apps/accounts/tests/policies/test_user_policy.py::TestCanEditUserDB::test_portal_admin_db_can_edit_user PASSED [ 37%]
apps/accounts/tests/policies/test_user_policy.py::TestCanEditUserDB::test_gestor_db_can_edit_user PASSED [ 38%]
apps/accounts/tests/policies/test_user_policy.py::TestCanEditUserDB::test_regular_user_db_cannot_edit_user PASSED [ 38%]
apps/accounts/tests/policies/test_user_policy.py::TestCanCreateUserInApplicationDB::test_gestor_with_role_in_app_can_create PASSED [ 38%]
apps/accounts/tests/policies/test_user_policy.py::TestCanCreateUserInApplicationDB::test_portal_admin_db_can_create_in_any_app PASSED [ 38%]
apps/accounts/tests/policies/test_user_policy.py::TestCanEditTargetUserDB::test_gestor_can_edit_target_in_same_app PASSED [ 39%]
apps/accounts/tests/policies/test_user_policy.py::TestCanEditTargetUserDB::test_gestor_cannot_edit_target_in_other_app PASSED [ 39%]
apps/accounts/tests/policies/test_user_policy.py::TestCanEditTargetUserDB::test_portal_admin_db_can_edit_any_target PASSED [ 39%]
apps/accounts/tests/policies/test_user_policy.py::TestCanManageTargetUserDB::test_gestor_can_manage_target_in_same_app PASSED [ 40%]
apps/accounts/tests/policies/test_user_policy.py::TestCanManageTargetUserDB::test_gestor_cannot_manage_target_in_other_app PASSED [ 40%]
apps/accounts/tests/policies/test_user_policy.py::TestCanManageTargetUserDB::test_portal_admin_db_can_manage_any_target PASSED [ 40%]
apps/accounts/tests/policies/test_user_policy.py::TestIsPortalAdminCacheDB::test_is_portal_admin_cache_hit_real_db PASSED [ 40%]
apps/accounts/tests/policies/test_user_policy.py::TestGetUserApplicationsCacheDB::test_get_user_applications_cache_hit_real_db PASSED [ 41%]
apps/accounts/tests/policies/test_userprofile_policy.py::TestCanViewProfile::test_portal_admin_can_view_any_profile PASSED [ 41%]
apps/accounts/tests/policies/test_userprofile_policy.py::TestCanViewProfile::test_superuser_can_view_any_profile PASSED [ 41%]
apps/accounts/tests/policies/test_userprofile_policy.py::TestCanViewProfile::test_user_can_view_own_profile PASSED [ 42%]
apps/accounts/tests/policies/test_userprofile_policy.py::TestCanViewProfile::test_gestor_can_view_profile_in_same_app PASSED [ 42%]
apps/accounts/tests/policies/test_userprofile_policy.py::TestCanViewProfile::test_gestor_cannot_view_profile_of_other_app PASSED [ 42%]
apps/accounts/tests/policies/test_userprofile_policy.py::TestCanViewProfile::test_regular_user_cannot_view_other_profile PASSED [ 42%]
apps/accounts/tests/policies/test_userprofile_policy.py::TestCanViewProfile::test_actor_without_classificacao_cannot_view_other_profile PASSED [ 43%]
apps/accounts/tests/policies/test_userprofile_policy.py::TestCanEditProfile::test_portal_admin_can_edit_any_profile PASSED [ 43%]
apps/accounts/tests/policies/test_userprofile_policy.py::TestCanEditProfile::test_user_can_edit_own_profile PASSED [ 43%]
apps/accounts/tests/policies/test_userprofile_policy.py::TestCanEditProfile::test_gestor_can_edit_profile_in_same_app PASSED [ 44%]
apps/accounts/tests/policies/test_userprofile_policy.py::TestCanEditProfile::test_gestor_cannot_edit_profile_of_other_app PASSED [ 44%]
apps/accounts/tests/policies/test_userprofile_policy.py::TestCanEditProfile::test_regular_user_cannot_edit_other_profile PASSED [ 44%]
apps/accounts/tests/policies/test_userprofile_policy.py::TestCanChangeClassificacao::test_portal_admin_can_change_classificacao PASSED [ 44%]
apps/accounts/tests/policies/test_userprofile_policy.py::TestCanChangeClassificacao::test_superuser_can_change_classificacao PASSED [ 45%]
apps/accounts/tests/policies/test_userprofile_policy.py::TestCanChangeClassificacao::test_gestor_cannot_change_classificacao PASSED [ 45%]
apps/accounts/tests/policies/test_userprofile_policy.py::TestCanChangeClassificacao::test_regular_user_cannot_change_classificacao PASSED [ 45%]
apps/accounts/tests/policies/test_userprofile_policy.py::TestCanChangeStatus::test_portal_admin_can_change_status PASSED [ 46%]
apps/accounts/tests/policies/test_userprofile_policy.py::TestCanChangeStatus::test_superuser_can_change_status PASSED [ 46%]
apps/accounts/tests/policies/test_userprofile_policy.py::TestCanChangeStatus::test_gestor_cannot_change_status PASSED [ 46%]
apps/accounts/tests/policies/test_userprofile_policy.py::TestCanViewAllProfiles::test_portal_admin_can_view_all PASSED [ 46%]
apps/accounts/tests/policies/test_userprofile_policy.py::TestCanViewAllProfiles::test_superuser_can_view_all PASSED [ 47%]
apps/accounts/tests/policies/test_userprofile_policy.py::TestCanViewAllProfiles::test_regular_user_cannot_view_all PASSED [ 47%]
apps/accounts/tests/policies/test_userprofile_policy.py::TestHasApplicationIntersection::test_gestor_with_real_db_intersection_can_view_profile PASSED [ 47%]
apps/accounts/tests/policies/test_userprofile_policy.py::TestHasApplicationIntersection::test_gestor_without_real_db_intersection_cannot_view_profile PASSED [ 48%]
apps/accounts/tests/policies/test_userrole_policy.py::TestCanViewUserrole::test_portal_admin_can_view_any_userrole PASSED [ 48%]
apps/accounts/tests/policies/test_userrole_policy.py::TestCanViewUserrole::test_superuser_can_view_any_userrole PASSED [ 48%]
apps/accounts/tests/policies/test_userrole_policy.py::TestCanViewUserrole::test_user_can_view_own_userrole PASSED [ 48%]
apps/accounts/tests/policies/test_userrole_policy.py::TestCanViewUserrole::test_gestor_can_view_userrole_in_same_app PASSED [ 49%]
apps/accounts/tests/policies/test_userrole_policy.py::TestCanViewUserrole::test_regular_user_cannot_view_other_userrole PASSED [ 49%]
apps/accounts/tests/policies/test_userrole_policy.py::TestCanViewUserrole::test_gestor_without_role_in_same_app_cannot_view_userrole PASSED [ 49%]
apps/accounts/tests/policies/test_userrole_policy.py::TestCanCreateUserrole::test_portal_admin_can_create_in_ready_unblocked_app PASSED [ 50%]
apps/accounts/tests/policies/test_userrole_policy.py::TestCanCreateUserrole::test_portal_admin_cannot_create_in_blocked_app PASSED [ 50%]
apps/accounts/tests/policies/test_userrole_policy.py::TestCanCreateUserrole::test_portal_admin_cannot_create_in_not_ready_app PASSED [ 50%]
apps/accounts/tests/policies/test_userrole_policy.py::TestCanCreateUserrole::test_portal_admin_cannot_assign_admin_role PASSED [ 51%]
apps/accounts/tests/policies/test_userrole_policy.py::TestCanCreateUserrole::test_superuser_can_assign_admin_role PASSED [ 51%]
apps/accounts/tests/policies/test_userrole_policy.py::TestCanCreateUserrole::test_regular_user_cannot_create_userrole PASSED [ 51%]
apps/accounts/tests/policies/test_userrole_policy.py::TestCanCreateUserrole::test_portal_admin_can_create_global_userrole PASSED [ 51%]
apps/accounts/tests/policies/test_userrole_policy.py::TestCanDeleteUserrole::test_portal_admin_can_delete_userrole_of_other_user PASSED [ 52%]
apps/accounts/tests/policies/test_userrole_policy.py::TestCanDeleteUserrole::test_portal_admin_cannot_delete_own_userrole PASSED [ 52%]
apps/accounts/tests/policies/test_userrole_policy.py::TestCanDeleteUserrole::test_portal_admin_cannot_revoke_admin_role PASSED [ 52%]
apps/accounts/tests/policies/test_userrole_policy.py::TestCanDeleteUserrole::test_superuser_can_revoke_admin_role_of_other_user PASSED [ 53%]
apps/accounts/tests/policies/test_userrole_policy.py::TestCanDeleteUserrole::test_portal_admin_can_delete_userrole_even_in_blocked_app PASSED [ 53%]
apps/accounts/tests/policies/test_userrole_policy.py::TestCanDeleteUserrole::test_regular_user_cannot_delete_userrole PASSED [ 53%]
apps/accounts/tests/policies/test_userrole_policy.py::TestCanViewUserrolesOfUser::test_portal_admin_can_view_all_userroles_of_any_user PASSED [ 53%]
apps/accounts/tests/policies/test_userrole_policy.py::TestCanViewUserrolesOfUser::test_user_can_view_own_userroles PASSED [ 54%]
apps/accounts/tests/policies/test_userrole_policy.py::TestCanViewUserrolesOfUser::test_gestor_can_view_userroles_of_user_in_same_app PASSED [ 54%]
apps/accounts/tests/policies/test_userrole_policy.py::TestCanViewUserrolesOfUser::test_gestor_cannot_view_userroles_of_user_in_other_app PASSED [ 54%]
apps/accounts/tests/policies/test_userrole_policy.py::TestCanViewUserrolesOfUser::test_regular_user_cannot_view_userroles_of_other_user PASSED [ 55%]
apps/accounts/tests/test_aplicacoes.py::TestAplicacoesPortalAdmin::test_portal_admin_recebe_200 PASSED [ 55%]
apps/accounts/tests/test_aplicacoes.py::TestAplicacoesPortalAdmin::test_portal_admin_ve_pelo_menos_3_apps PASSED [ 55%]
apps/accounts/tests/test_aplicacoes.py::TestAplicacoesPortalAdmin::test_portal_admin_ve_apps_principais PASSED [ 55%]
apps/accounts/tests/test_aplicacoes.py::TestAplicacoesPortalAdmin::test_portal_admin_ve_app_bloqueada PASSED [ 56%]
apps/accounts/tests/test_aplicacoes.py::TestAplicacoesPortalAdmin::test_portal_admin_ve_app_nao_pronta PASSED [ 56%]
apps/accounts/tests/test_aplicacoes.py::TestAplicacoesPortalAdmin::test_portal_admin_ve_flags_internos PASSED [ 56%]
apps/accounts/tests/test_aplicacoes.py::TestAplicacoesPortalAdmin::test_superuser_tambem_ve_todas_as_apps PASSED [ 57%]
apps/accounts/tests/test_aplicacoes.py::TestAplicacoesUsuarioComum::test_gestor_recebe_200 PASSED [ 57%]
apps/accounts/tests/test_aplicacoes.py::TestAplicacoesUsuarioComum::test_gestor_ve_acoes_pngi PASSED [ 57%]
apps/accounts/tests/test_aplicacoes.py::TestAplicacoesUsuarioComum::test_gestor_nao_ve_portal PASSED [ 57%]
apps/accounts/tests/test_aplicacoes.py::TestAplicacoesUsuarioComum::test_gestor_nao_ve_carga_org_lot PASSED [ 58%]
apps/accounts/tests/test_aplicacoes.py::TestAplicacoesUsuarioComum::test_gestor_nao_ve_app_bloqueada PASSED [ 58%]
apps/accounts/tests/test_aplicacoes.py::TestAplicacoesUsuarioComum::test_gestor_nao_ve_app_nao_pronta PASSED [ 58%]
apps/accounts/tests/test_aplicacoes.py::TestAplicacoesUsuarioComum::test_coordenador_ve_acoes_pngi PASSED [ 59%]
apps/accounts/tests/test_aplicacoes.py::TestAplicacoesUsuarioComum::test_operador_ve_acoes_pngi PASSED [ 59%]
apps/accounts/tests/test_aplicacoes.py::TestAplicacoesUsuarioComum::test_gestor_carga_ve_carga_org_lot PASSED [ 59%]
apps/accounts/tests/test_aplicacoes.py::TestAplicacoesUsuarioComum::test_gestor_carga_nao_ve_acoes_pngi PASSED [ 59%]
apps/accounts/tests/test_aplicacoes.py::TestAplicacoesNaoAutenticado::test_get_sem_autenticacao_retorna_401_ou_403 PASSED [ 60%]
apps/accounts/tests/test_aplicacoes.py::TestAplicacoesReadOnly::test_post_retorna_405 PASSED [ 60%]
apps/accounts/tests/test_aplicacoes.py::TestAplicacoesReadOnly::test_put_retorna_405 PASSED [ 60%]
apps/accounts/tests/test_aplicacoes.py::TestAplicacoesReadOnly::test_delete_retorna_405 PASSED [ 61%]
apps/accounts/tests/test_auth_aplicacoes.py::TestAuthAplicacoesPublico::test_anonimo_recebe_200 PASSED [ 61%]
apps/accounts/tests/test_auth_aplicacoes.py::TestAuthAplicacoesPublico::test_retorna_lista PASSED [ 61%]
apps/accounts/tests/test_auth_aplicacoes.py::TestAuthAplicacoesPublico::test_retorna_pelo_menos_3_apps PASSED [ 61%]
apps/accounts/tests/test_auth_aplicacoes.py::TestAuthAplicacoesPublico::test_apps_principais_estao_presentes PASSED [ 62%]
apps/accounts/tests/test_auth_aplicacoes.py::TestAuthAplicacoesFiltragem::test_app_bloqueada_nao_aparece PASSED [ 62%]
apps/accounts/tests/test_auth_aplicacoes.py::TestAuthAplicacoesFiltragem::test_app_nao_pronta_nao_aparece PASSED [ 62%]
apps/accounts/tests/test_auth_aplicacoes.py::TestAuthAplicacoesCampos::test_campo_codigointerno_presente PASSED [ 63%]
apps/accounts/tests/test_auth_aplicacoes.py::TestAuthAplicacoesCampos::test_campo_nomeaplicacao_presente PASSED [ 63%]
apps/accounts/tests/test_auth_aplicacoes.py::TestAuthAplicacoesCampos::test_flag_isappbloqueada_nao_exposto PASSED [ 63%]
apps/accounts/tests/test_auth_aplicacoes.py::TestAuthAplicacoesCampos::test_flag_isappproductionready_nao_exposto PASSED [ 63%]
apps/accounts/tests/test_auth_aplicacoes.py::TestAuthAplicacoesCampos::test_idaplicacao_nao_exposto PASSED [ 64%]
apps/accounts/tests/test_auth_aplicacoes.py::TestAuthAplicacoesDetalhe::test_detalhe_portal_retorna_200 PASSED [ 64%]
apps/accounts/tests/test_auth_aplicacoes.py::TestAuthAplicacoesDetalhe::test_detalhe_portal_campos_corretos PASSED [ 64%]
apps/accounts/tests/test_auth_aplicacoes.py::TestAuthAplicacoesDetalhe::test_detalhe_app_bloqueada_retorna_404 PASSED [ 65%]
apps/accounts/tests/test_auth_aplicacoes.py::TestAuthAplicacoesDetalhe::test_detalhe_app_inexistente_retorna_404 PASSED [ 65%]
apps/accounts/tests/test_auth_aplicacoes.py::TestAuthAplicacoesReadOnly::test_post_retorna_405 PASSED [ 65%]
apps/accounts/tests/test_auth_aplicacoes.py::TestAuthAplicacoesReadOnly::test_put_retorna_405 PASSED [ 65%]
apps/accounts/tests/test_auth_aplicacoes.py::TestAuthAplicacoesReadOnly::test_delete_retorna_405 PASSED [ 66%]
apps/accounts/tests/test_authorization_service.py::TestCanCreateUser::test_classificacao_sem_permissao_retorna_false PASSED [ 66%]
apps/accounts/tests/test_authorization_service.py::TestCanCreateUser::test_classificacao_com_permissao_retorna_true PASSED [ 66%]
apps/accounts/tests/test_authorization_service.py::TestCanCreateUser::test_portal_admin_pode_criar PASSED [ 67%]
apps/accounts/tests/test_authorization_service.py::TestCanEditUser::test_classificacao_sem_permissao_editar_retorna_false PASSED [ 67%]
apps/accounts/tests/test_authorization_service.py::TestCanEditUser::test_classificacao_com_permissao_editar_retorna_true PASSED [ 67%]
apps/accounts/tests/test_authorization_service.py::TestCanEditUser::test_portal_admin_pode_editar PASSED [ 68%]
apps/accounts/tests/test_authorization_service.py::TestUserCanManageTargetUser::test_usuarios_com_app_em_comum PASSED [ 68%]
apps/accounts/tests/test_authorization_service.py::TestUserCanManageTargetUser::test_usuarios_sem_app_em_comum PASSED [ 68%]
apps/accounts/tests/test_authorization_service.py::TestUserCanManageTargetUser::test_superuser_pode_gerenciar_qualquer_usuario PASSED [ 68%]
apps/accounts/tests/test_authorization_service.py::TestUserCanManageTargetUser::test_usuario_sem_role_nao_gerencia_ninguem PASSED [ 69%]
apps/accounts/tests/test_authorization_service.py::TestUserCanCreateUserInApplication::test_gestor_pode_criar_na_propria_app PASSED [ 69%]
apps/accounts/tests/test_authorization_service.py::TestUserCanCreateUserInApplication::test_gestor_nao_pode_criar_em_app_alheia PASSED [ 69%]
apps/accounts/tests/test_authorization_service.py::TestUserCanCreateUserInApplication::test_superuser_pode_criar_em_qualquer_app PASSED [ 70%]
apps/accounts/tests/test_authorization_service.py::TestUserCanCreateUserInApplication::test_usuario_sem_role_nao_pode_criar_em_nenhuma_app PASSED [ 70%]
apps/accounts/tests/test_authorization_service.py::TestGetUserRolesForApp::test_retorna_roles_do_usuario_para_app PASSED [ 70%]
apps/accounts/tests/test_authorization_service.py::TestGetUserRolesForApp::test_retorna_vazio_quando_sem_role_na_app PASSED [ 70%]
apps/accounts/tests/test_authorization_service.py::TestGetUserRolesForApp::test_retorna_role_correta_pelo_codigoperfil PASSED [ 71%]
apps/accounts/tests/test_roles.py::TestRolesPortalAdmin::test_lista_retorna_200 PASSED [ 71%]
apps/accounts/tests/test_roles.py::TestRolesPortalAdmin::test_lista_tem_pelo_menos_4_roles PASSED [ 71%]
apps/accounts/tests/test_roles.py::TestRolesPortalAdmin::test_filtra_por_aplicacao_id_acoes_pngi PASSED [ 72%]
apps/accounts/tests/test_roles.py::TestRolesPortalAdmin::test_filtra_por_aplicacao_id_portal PASSED [ 72%]
apps/accounts/tests/test_roles.py::TestRolesPortalAdmin::test_aplicacao_id_string_invalido_retorna_lista_vazia PASSED [ 72%]
apps/accounts/tests/test_roles.py::TestRolesPortalAdmin::test_aplicacao_id_inexistente_retorna_lista_vazia PASSED [ 72%]
apps/accounts/tests/test_roles.py::TestRolesPortalAdmin::test_roles_pngi_contem_codigosperfil_corretos PASSED [ 73%]
apps/accounts/tests/test_roles.py::TestRolesAcessoNegado::test_gestor_pngi_retorna_403 PASSED [ 73%]
apps/accounts/tests/test_roles.py::TestRolesAcessoNegado::test_coordenador_pngi_retorna_403 PASSED [ 73%]
apps/accounts/tests/test_roles.py::TestRolesAcessoNegado::test_operador_acao_retorna_403 PASSED [ 74%]
apps/accounts/tests/test_roles.py::TestRolesAcessoNegado::test_anonimo_retorna_401_ou_403 PASSED [ 74%]
apps/accounts/tests/test_userroles.py::TestUserRoleAssign::test_portal_admin_atribui_role_retorna_201 PASSED [ 74%]
apps/accounts/tests/test_userroles.py::TestUserRoleAssign::test_assign_cria_userrole_no_banco PASSED [ 74%]
apps/accounts/tests/test_userroles.py::TestUserRoleAssign::test_assign_sincroniza_permissoes_do_group PASSED [ 75%]
apps/accounts/tests/test_userroles.py::TestUserRoleAssign::test_assign_duplicado_retorna_400_ou_409 PASSED [ 75%]
apps/accounts/tests/test_userroles.py::TestUserRoleAssign::test_assign_role_de_app_diferente_retorna_400 PASSED [ 75%]
apps/accounts/tests/test_userroles.py::TestUserRoleAssignAcessoNegado::test_gestor_nao_pode_atribuir_role PASSED [ 76%]
apps/accounts/tests/test_userroles.py::TestUserRoleAssignAcessoNegado::test_coordenador_nao_pode_atribuir_role PASSED [ 76%]
apps/accounts/tests/test_userroles.py::TestUserRoleAssignAcessoNegado::test_operador_nao_pode_atribuir_role PASSED [ 76%]
apps/accounts/tests/test_userroles.py::TestUserRoleAssignAcessoNegado::test_anonimo_nao_pode_atribuir_role PASSED [ 76%]
apps/accounts/tests/test_userroles.py::TestUserRoleRevoke::test_portal_admin_revoga_role_retorna_204 PASSED [ 77%]
apps/accounts/tests/test_userroles.py::TestUserRoleRevoke::test_revoke_remove_userrole_do_banco PASSED [ 77%]
apps/accounts/tests/test_userroles.py::TestUserRoleRevoke::test_revoke_remove_permissoes_exclusivas_do_group PASSED [ 77%]
apps/accounts/tests/test_userroles.py::TestUserRoleRevoke::test_gestor_nao_pode_revogar_role PASSED [ 78%]
apps/accounts/tests/test_userroles.py::TestUserRoleRevoke::test_coordenador_nao_pode_revogar_role PASSED [ 78%]
apps/accounts/tests/test_userroles.py::TestUserRoleRevoke::test_anonimo_nao_pode_revogar_role PASSED [ 78%]
apps/accounts/tests/test_users.py::TestUserCreate::test_portal_admin_cria_usuario_retorna_201 PASSED [ 78%]
apps/accounts/tests/test_users.py::TestUserCreate::test_criacao_gera_user_no_banco PASSED [ 79%]
apps/accounts/tests/test_users.py::TestUserCreate::test_criacao_gera_userprofile PASSED [ 79%]
apps/accounts/tests/test_users.py::TestUserCreate::test_username_duplicado_retorna_400 PASSED [ 79%]
apps/accounts/tests/test_users.py::TestUserCreate::test_gestor_sem_permissao_criar_retorna_403 PASSED [ 80%]
apps/accounts/tests/test_users.py::TestUserCreate::test_nao_autenticado_retorna_401_ou_403 PASSED [ 80%]
apps/accounts/tests/test_users.py::TestUserCreateWithRole::test_portal_admin_cria_user_com_role_retorna_201 PASSED [ 80%]
apps/accounts/tests/test_users.py::TestUserCreateWithRole::test_cria_user_no_banco PASSED [ 80%]
apps/accounts/tests/test_users.py::TestUserCreateWithRole::test_cria_userrole_no_banco PASSED [ 81%]
apps/accounts/tests/test_users.py::TestUserCreateWithRole::test_resposta_contem_permissions_added PASSED [ 81%]
apps/accounts/tests/test_users.py::TestUserCreateWithRole::test_payload_invalido_nao_cria_objeto_parcial PASSED [ 81%]
apps/accounts/tests/test_users.py::TestUserCreateWithRole::test_app_bloqueada_retorna_400_ou_403 SKIPPED [ 82%]
apps/accounts/tests/test_users.py::TestUserCreateWithRole::test_gestor_nao_pode_criar_user_com_role PASSED [ 82%]
apps/accounts/tests/test_users.py::TestUserProfilePatch::test_usuario_edita_proprio_profile PASSED [ 82%]
apps/accounts/tests/test_users.py::TestUserProfilePatch::test_usuario_nao_edita_profile_alheio PASSED [ 82%]
apps/accounts/tests/test_users.py::TestUserProfilePatch::test_usuario_comum_nao_altera_classificacao PASSED [ 83%]
apps/accounts/tests/test_users.py::TestUserProfilePatch::test_portal_admin_altera_classificacao PASSED [ 83%]
apps/accounts/tests/test_users.py::TestUserProfilePatch::test_usuario_comum_nao_altera_status PASSED [ 83%]
apps/accounts/tests/test_users.py::TestUserProfilePatch::test_portal_admin_altera_status PASSED [ 84%]
apps/accounts/tests/test_users.py::TestUserProfilePatch::test_nao_autenticado_retorna_401_ou_403 PASSED [ 84%]
apps/core/tests/test_application_context_middleware.py::ApplicationContextMiddlewareTest::test_application_never_none_when_portal_exists PASSED [ 84%]
apps/core/tests/test_application_context_middleware.py::ApplicationContextMiddlewareTest::test_fallback_log_emitted PASSED [ 85%]
apps/core/tests/test_application_context_middleware.py::ApplicationContextMiddlewareTest::test_fallback_to_portal PASSED [ 85%]
apps/core/tests/test_application_context_middleware.py::ApplicationContextMiddlewareTest::test_resolve_by_domain PASSED [ 85%]
apps/core/tests/test_application_context_middleware.py::ApplicationContextMiddlewareTest::test_resolve_by_header PASSED [ 85%]
apps/core/tests/test_application_context_middleware.py::ApplicationContextMiddlewareTest::test_resolve_by_url_prefix PASSED [ 86%]
apps/core/tests/test_authorization_middleware.py::AuthorizationMiddlewareTest::test_anonymous_user_returns_401 PASSED [ 86%]
apps/core/tests/test_authorization_middleware.py::AuthorizationMiddlewareTest::test_authenticated_user_with_roles_passes PASSED [ 86%]
apps/core/tests/test_authorization_middleware.py::AuthorizationMiddlewareTest::test_exempt_path_always_passes PASSED [ 87%]
apps/core/tests/test_authorization_middleware.py::AuthorizationMiddlewareTest::test_no_roles_returns_403 PASSED [ 87%]
apps/core/tests/test_authorization_middleware.py::AuthorizationMiddlewareTest::test_portal_admin_always_passes PASSED [ 87%]
apps/core/tests/test_authorization_middleware.py::AuthorizationMiddlewareTest::test_required_roles_blocks_when_user_lacks_role PASSED [ 87%]
apps/core/tests/test_authorization_middleware.py::AuthorizationMiddlewareTest::test_required_roles_passes_when_user_has_role PASSED [ 88%]
apps/core/tests/test_role_context_middleware.py::RoleContextMiddlewareTest::test_anonymous_user_gets_empty_roles PASSED [ 88%]
apps/core/tests/test_role_context_middleware.py::RoleContextMiddlewareTest::test_portal_admin_role_sets_flag PASSED [ 88%]
apps/core/tests/test_role_context_middleware.py::RoleContextMiddlewareTest::test_role_switch_logged PASSED [ 89%]
apps/core/tests/test_role_context_middleware.py::RoleContextMiddlewareTest::test_roles_loaded_from_cache PASSED [ 89%]
apps/core/tests/test_role_context_middleware.py::RoleContextMiddlewareTest::test_roles_loaded_from_db_on_cache_miss PASSED [ 89%]
apps/core/tests/test_role_context_middleware.py::RoleContextMiddlewareTest::test_user_roles_never_none PASSED [ 89%]
apps/portal/tests/test_views.py::AplicacoesListTest::test_aplicacoes_list_authenticated PASSED [ 90%]
apps/portal/tests/test_views.py::AplicacoesListTest::test_aplicacoes_list_unauthenticated_returns_401 PASSED [ 90%]
apps/portal/tests/test_views.py::DashboardTest::test_dashboard_returns_user_roles PASSED [ 90%]
apps/accounts/tests/test_auth_session.py::TestLogin::test_login_sucesso_acoes_pngi PASSED [ 91%]
apps/accounts/tests/test_auth_session.py::TestLogin::test_login_cria_accounts_session PASSED [ 91%]
apps/accounts/tests/test_auth_session.py::TestLogin::test_login_credenciais_invalidas PASSED [ 91%]
apps/accounts/tests/test_auth_session.py::TestLogin::test_login_campos_ausentes_retorna_400 PASSED [ 91%]
apps/accounts/tests/test_auth_session.py::TestLogin::test_login_app_context_inexistente PASSED [ 92%]
apps/accounts/tests/test_auth_session.py::TestLogin::test_login_usuario_sem_role_na_app PASSED [ 92%]
apps/accounts/tests/test_auth_session.py::TestLogin::test_login_portal_rejeita_usuario_comum PASSED [ 92%]
apps/accounts/tests/test_auth_session.py::TestLogin::test_login_portal_admin_acessa_portal PASSED [ 93%]
apps/accounts/tests/test_auth_session.py::TestLogin::test_login_superuser_acessa_portal PASSED [ 93%]
apps/accounts/tests/test_auth_session.py::TestLogin::test_login_coordenador_pngi PASSED [ 93%]
apps/accounts/tests/test_auth_session.py::TestLogin::test_login_operador_acao PASSED [ 93%]
apps/accounts/tests/test_auth_session.py::TestLogin::test_login_gestor_carga PASSED [ 94%]
apps/accounts/tests/test_auth_session.py::TestLogout::test_logout_retorna_200 PASSED [ 94%]
apps/accounts/tests/test_auth_session.py::TestLogout::test_logout_revoga_accounts_session PASSED [ 94%]
apps/accounts/tests/test_auth_session.py::TestLogout::test_logout_sem_autenticacao_retorna_401_ou_403 PASSED [ 95%]
apps/accounts/tests/test_auth_session.py::TestSwitchApp::test_switch_app_cria_nova_session PASSED [ 95%]
apps/accounts/tests/test_auth_session.py::TestSwitchApp::test_switch_app_revoga_session_anterior PASSED [ 95%]
apps/accounts/tests/test_auth_session.py::TestSwitchApp::test_switch_app_sem_acesso_retorna_403 PASSED [ 95%]
apps/accounts/tests/test_auth_session.py::TestSwitchApp::test_switch_app_invalida_retorna_403 PASSED [ 96%]
apps/accounts/tests/test_auth_session.py::TestSwitchApp::test_switch_app_sem_autenticacao_retorna_401_ou_403 PASSED [ 96%]
apps/accounts/tests/test_auth_session.py::TestMeView::test_me_retorna_200 PASSED [ 96%]
apps/accounts/tests/test_auth_session.py::TestMeView::test_me_retorna_username_correto PASSED [ 97%]
apps/accounts/tests/test_auth_session.py::TestMeView::test_me_contem_campo_roles_ou_user_roles PASSED [ 97%]
apps/accounts/tests/test_auth_session.py::TestMeView::test_me_coordenador_retorna_dados_corretos PASSED [ 97%]
apps/accounts/tests/test_auth_session.py::TestMeView::test_me_nao_autenticado_retorna_401_ou_403 PASSED [ 97%]
apps/accounts/tests/test_constraints.py::TestRoleConstraints::test_codigoperfil_duplicado_mesma_app_gera_integrity_error PASSED [ 98%]
apps/accounts/tests/test_constraints.py::TestRoleConstraints::test_mesmo_codigoperfil_em_apps_diferentes_e_permitido PASSED [ 98%]
apps/accounts/tests/test_constraints.py::TestUserRoleConstraints::test_usuario_com_dois_roles_mesma_app_gera_integrity_error PASSED [ 98%]
apps/accounts/tests/test_constraints.py::TestUserRoleConstraints::test_usuario_pode_ter_roles_em_apps_diferentes PASSED [ 99%]
apps/accounts/tests/test_constraints.py::TestAttributeConstraints::test_atributo_duplicado_gera_integrity_error PASSED [ 99%]
apps/accounts/tests/test_constraints.py::TestAttributeConstraints::test_mesma_key_em_app_diferente_e_permitido PASSED [ 99%]
apps/accounts/tests/test_constraints.py::TestAttributeConstraints::test_key_diferente_mesma_app_e_permitido PASSED [100%]

================= 346 passed, 1 skipped in 149.52s (0:02:29) ==================
